D:\DOCUMENTS\WORK\DROPBOX\CUBIC ENGINE\CUBICENGINE\CUBICENGINE\DEBUG\CAMERA.OBJ
D:\DOCUMENTS\WORK\DROPBOX\CUBIC ENGINE\CUBICENGINE\CUBICENGINE\DEBUG\COLOR.OBJ
D:\DOCUMENTS\WORK\DROPBOX\CUBIC ENGINE\CUBICENGINE\CUBICENGINE\DEBUG\DIMENSIONS.OBJ
D:\DOCUMENTS\WORK\DROPBOX\CUBIC ENGINE\CUBICENGINE\CUBICENGINE\DEBUG\DYNAMICMESH.OBJ
D:\DOCUMENTS\WORK\DROPBOX\CUBIC ENGINE\CUBICENGINE\CUBICENGINE\DEBUG\FACE.OBJ
D:\DOCUMENTS\WORK\DROPBOX\CUBIC ENGINE\CUBICENGINE\CUBICENGINE\DEBUG\GLTEXTURECONTAINER.OBJ
D:\DOCUMENTS\WORK\DROPBOX\CUBIC ENGINE\CUBICENGINE\CUBICENGINE\DEBUG\MAIN.OBJ
D:\DOCUMENTS\WORK\DROPBOX\CUBIC ENGINE\CUBICENGINE\CUBICENGINE\DEBUG\MODEL.OBJ
D:\DOCUMENTS\WORK\DROPBOX\CUBIC ENGINE\CUBICENGINE\CUBICENGINE\DEBUG\MODELCONTAINER.OBJ
D:\DOCUMENTS\WORK\DROPBOX\CUBIC ENGINE\CUBICENGINE\CUBICENGINE\DEBUG\OBJECTCONTROLLER.OBJ
D:\DOCUMENTS\WORK\DROPBOX\CUBIC ENGINE\CUBICENGINE\CUBICENGINE\DEBUG\POINT.OBJ
D:\DOCUMENTS\WORK\DROPBOX\CUBIC ENGINE\CUBICENGINE\CUBICENGINE\DEBUG\STATICOBJECT.OBJ
D:\DOCUMENTS\WORK\DROPBOX\CUBIC ENGINE\CUBICENGINE\CUBICENGINE\DEBUG\TIMER.OBJ
D:\DOCUMENTS\WORK\DROPBOX\CUBIC ENGINE\CUBICENGINE\CUBICENGINE\DEBUG\VECTOR.OBJ
D:\DOCUMENTS\WORK\DROPBOX\CUBIC ENGINE\CUBICENGINE\CUBICENGINE\DEBUG\VERTEX.OBJ
D:\DOCUMENTS\WORK\DROPBOX\CUBIC ENGINE\CUBICENGINE\CUBICENGINE\DEBUG\VC110.PDB
D:\DOCUMENTS\WORK\DROPBOX\CUBIC ENGINE\CUBICENGINE\CUBICENGINE\DEBUG\MATERIALCONTAINER.OBJ
D:\DOCUMENTS\WORK\DROPBOX\CUBIC ENGINE\CUBICENGINE\CUBICENGINE\DEBUG\MATERIAL.OBJ
D:\DOCUMENTS\WORK\DROPBOX\CUBIC ENGINE\CUBICENGINE\DEBUG\CUBICENGINE.ILK
D:\DOCUMENTS\WORK\DROPBOX\CUBIC ENGINE\CUBICENGINE\DEBUG\CUBICENGINE.EXE
D:\DOCUMENTS\WORK\DROPBOX\CUBIC ENGINE\CUBICENGINE\DEBUG\CUBICENGINE.PDB
D:\Documents\Work\Dropbox\Cubic Engine\CubicEngine\CubicEngine\Debug\Camera.obj
D:\Documents\Work\Dropbox\Cubic Engine\CubicEngine\CubicEngine\Debug\Color.obj
D:\Documents\Work\Dropbox\Cubic Engine\CubicEngine\CubicEngine\Debug\Dimensions.obj
D:\Documents\Work\Dropbox\Cubic Engine\CubicEngine\CubicEngine\Debug\DynamicMesh.obj
D:\Documents\Work\Dropbox\Cubic Engine\CubicEngine\CubicEngine\Debug\Face.obj
D:\Documents\Work\Dropbox\Cubic Engine\CubicEngine\CubicEngine\Debug\GLTextureContainer.obj
D:\Documents\Work\Dropbox\Cubic Engine\CubicEngine\CubicEngine\Debug\main.obj
D:\Documents\Work\Dropbox\Cubic Engine\CubicEngine\CubicEngine\Debug\Material.obj
D:\Documents\Work\Dropbox\Cubic Engine\CubicEngine\CubicEngine\Debug\MaterialContainer.obj
D:\Documents\Work\Dropbox\Cubic Engine\CubicEngine\CubicEngine\Debug\Model.obj
D:\Documents\Work\Dropbox\Cubic Engine\CubicEngine\CubicEngine\Debug\ModelContainer.obj
D:\Documents\Work\Dropbox\Cubic Engine\CubicEngine\CubicEngine\Debug\ObjectController.obj
D:\Documents\Work\Dropbox\Cubic Engine\CubicEngine\CubicEngine\Debug\Point.obj
D:\Documents\Work\Dropbox\Cubic Engine\CubicEngine\CubicEngine\Debug\StaticObject.obj
D:\Documents\Work\Dropbox\Cubic Engine\CubicEngine\CubicEngine\Debug\Timer.obj
D:\Documents\Work\Dropbox\Cubic Engine\CubicEngine\CubicEngine\Debug\Vector.obj
D:\Documents\Work\Dropbox\Cubic Engine\CubicEngine\CubicEngine\Debug\Vertex.obj
D:\Documents\Work\Dropbox\Cubic Engine\CubicEngine\CubicEngine\Debug\cl.command.1.tlog
D:\Documents\Work\Dropbox\Cubic Engine\CubicEngine\CubicEngine\Debug\CL.read.1.tlog
D:\Documents\Work\Dropbox\Cubic Engine\CubicEngine\CubicEngine\Debug\CL.write.1.tlog
D:\Documents\Work\Dropbox\Cubic Engine\CubicEngine\CubicEngine\Debug\link-cvtres.read.1.tlog
D:\Documents\Work\Dropbox\Cubic Engine\CubicEngine\CubicEngine\Debug\link-cvtres.write.1.tlog
D:\Documents\Work\Dropbox\Cubic Engine\CubicEngine\CubicEngine\Debug\link-rc.read.1.tlog
D:\Documents\Work\Dropbox\Cubic Engine\CubicEngine\CubicEngine\Debug\link-rc.write.1.tlog
D:\Documents\Work\Dropbox\Cubic Engine\CubicEngine\CubicEngine\Debug\link.1036-cvtres.read.1.tlog
D:\Documents\Work\Dropbox\Cubic Engine\CubicEngine\CubicEngine\Debug\link.1036-cvtres.write.1.tlog
D:\Documents\Work\Dropbox\Cubic Engine\CubicEngine\CubicEngine\Debug\link.1036-rc.read.1.tlog
D:\Documents\Work\Dropbox\Cubic Engine\CubicEngine\CubicEngine\Debug\link.1036-rc.write.1.tlog
D:\Documents\Work\Dropbox\Cubic Engine\CubicEngine\CubicEngine\Debug\link.1036.read.1.tlog
D:\Documents\Work\Dropbox\Cubic Engine\CubicEngine\CubicEngine\Debug\link.1036.write.1.tlog
D:\Documents\Work\Dropbox\Cubic Engine\CubicEngine\CubicEngine\Debug\link.1220-cvtres.read.1.tlog
D:\Documents\Work\Dropbox\Cubic Engine\CubicEngine\CubicEngine\Debug\link.1220-cvtres.write.1.tlog
D:\Documents\Work\Dropbox\Cubic Engine\CubicEngine\CubicEngine\Debug\link.1220-rc.read.1.tlog
D:\Documents\Work\Dropbox\Cubic Engine\CubicEngine\CubicEngine\Debug\link.1220-rc.write.1.tlog
D:\Documents\Work\Dropbox\Cubic Engine\CubicEngine\CubicEngine\Debug\link.1220.read.1.tlog
D:\Documents\Work\Dropbox\Cubic Engine\CubicEngine\CubicEngine\Debug\link.1220.write.1.tlog
D:\Documents\Work\Dropbox\Cubic Engine\CubicEngine\CubicEngine\Debug\link.1296-cvtres.read.1.tlog
D:\Documents\Work\Dropbox\Cubic Engine\CubicEngine\CubicEngine\Debug\link.1296-cvtres.write.1.tlog
D:\Documents\Work\Dropbox\Cubic Engine\CubicEngine\CubicEngine\Debug\link.1296-rc.read.1.tlog
D:\Documents\Work\Dropbox\Cubic Engine\CubicEngine\CubicEngine\Debug\link.1296-rc.write.1.tlog
D:\Documents\Work\Dropbox\Cubic Engine\CubicEngine\CubicEngine\Debug\link.1296.read.1.tlog
D:\Documents\Work\Dropbox\Cubic Engine\CubicEngine\CubicEngine\Debug\link.1296.write.1.tlog
D:\Documents\Work\Dropbox\Cubic Engine\CubicEngine\CubicEngine\Debug\link.1404-cvtres.read.1.tlog
D:\Documents\Work\Dropbox\Cubic Engine\CubicEngine\CubicEngine\Debug\link.1404-cvtres.write.1.tlog
D:\Documents\Work\Dropbox\Cubic Engine\CubicEngine\CubicEngine\Debug\link.1404-rc.read.1.tlog
D:\Documents\Work\Dropbox\Cubic Engine\CubicEngine\CubicEngine\Debug\link.1404-rc.write.1.tlog
D:\Documents\Work\Dropbox\Cubic Engine\CubicEngine\CubicEngine\Debug\link.1404.read.1.tlog
D:\Documents\Work\Dropbox\Cubic Engine\CubicEngine\CubicEngine\Debug\link.1404.write.1.tlog
D:\Documents\Work\Dropbox\Cubic Engine\CubicEngine\CubicEngine\Debug\link.1456-cvtres.read.1.tlog
D:\Documents\Work\Dropbox\Cubic Engine\CubicEngine\CubicEngine\Debug\link.1456-cvtres.write.1.tlog
D:\Documents\Work\Dropbox\Cubic Engine\CubicEngine\CubicEngine\Debug\link.1456-rc.read.1.tlog
D:\Documents\Work\Dropbox\Cubic Engine\CubicEngine\CubicEngine\Debug\link.1456-rc.write.1.tlog
D:\Documents\Work\Dropbox\Cubic Engine\CubicEngine\CubicEngine\Debug\link.1456.read.1.tlog
D:\Documents\Work\Dropbox\Cubic Engine\CubicEngine\CubicEngine\Debug\link.1456.write.1.tlog
D:\Documents\Work\Dropbox\Cubic Engine\CubicEngine\CubicEngine\Debug\link.1612-cvtres.read.1.tlog
D:\Documents\Work\Dropbox\Cubic Engine\CubicEngine\CubicEngine\Debug\link.1612-cvtres.write.1.tlog
D:\Documents\Work\Dropbox\Cubic Engine\CubicEngine\CubicEngine\Debug\link.1612-rc.read.1.tlog
D:\Documents\Work\Dropbox\Cubic Engine\CubicEngine\CubicEngine\Debug\link.1612-rc.write.1.tlog
D:\Documents\Work\Dropbox\Cubic Engine\CubicEngine\CubicEngine\Debug\link.1612.read.1.tlog
D:\Documents\Work\Dropbox\Cubic Engine\CubicEngine\CubicEngine\Debug\link.1612.write.1.tlog
D:\Documents\Work\Dropbox\Cubic Engine\CubicEngine\CubicEngine\Debug\link.1756-cvtres.read.1.tlog
D:\Documents\Work\Dropbox\Cubic Engine\CubicEngine\CubicEngine\Debug\link.1756-cvtres.write.1.tlog
D:\Documents\Work\Dropbox\Cubic Engine\CubicEngine\CubicEngine\Debug\link.1756-rc.read.1.tlog
D:\Documents\Work\Dropbox\Cubic Engine\CubicEngine\CubicEngine\Debug\link.1756-rc.write.1.tlog
D:\Documents\Work\Dropbox\Cubic Engine\CubicEngine\CubicEngine\Debug\link.1756.read.1.tlog
D:\Documents\Work\Dropbox\Cubic Engine\CubicEngine\CubicEngine\Debug\link.1756.write.1.tlog
D:\Documents\Work\Dropbox\Cubic Engine\CubicEngine\CubicEngine\Debug\link.1852-cvtres.read.1.tlog
D:\Documents\Work\Dropbox\Cubic Engine\CubicEngine\CubicEngine\Debug\link.1852-cvtres.write.1.tlog
D:\Documents\Work\Dropbox\Cubic Engine\CubicEngine\CubicEngine\Debug\link.1852-rc.read.1.tlog
D:\Documents\Work\Dropbox\Cubic Engine\CubicEngine\CubicEngine\Debug\link.1852-rc.write.1.tlog
D:\Documents\Work\Dropbox\Cubic Engine\CubicEngine\CubicEngine\Debug\link.1852.read.1.tlog
D:\Documents\Work\Dropbox\Cubic Engine\CubicEngine\CubicEngine\Debug\link.1852.write.1.tlog
D:\Documents\Work\Dropbox\Cubic Engine\CubicEngine\CubicEngine\Debug\link.2032-cvtres.read.1.tlog
D:\Documents\Work\Dropbox\Cubic Engine\CubicEngine\CubicEngine\Debug\link.2032-cvtres.write.1.tlog
D:\Documents\Work\Dropbox\Cubic Engine\CubicEngine\CubicEngine\Debug\link.2032-rc.read.1.tlog
D:\Documents\Work\Dropbox\Cubic Engine\CubicEngine\CubicEngine\Debug\link.2032-rc.write.1.tlog
D:\Documents\Work\Dropbox\Cubic Engine\CubicEngine\CubicEngine\Debug\link.2032.read.1.tlog
D:\Documents\Work\Dropbox\Cubic Engine\CubicEngine\CubicEngine\Debug\link.2032.write.1.tlog
D:\Documents\Work\Dropbox\Cubic Engine\CubicEngine\CubicEngine\Debug\link.2216-cvtres.read.1.tlog
D:\Documents\Work\Dropbox\Cubic Engine\CubicEngine\CubicEngine\Debug\link.2216-cvtres.write.1.tlog
D:\Documents\Work\Dropbox\Cubic Engine\CubicEngine\CubicEngine\Debug\link.2216-rc.read.1.tlog
D:\Documents\Work\Dropbox\Cubic Engine\CubicEngine\CubicEngine\Debug\link.2216-rc.write.1.tlog
D:\Documents\Work\Dropbox\Cubic Engine\CubicEngine\CubicEngine\Debug\link.2216.read.1.tlog
D:\Documents\Work\Dropbox\Cubic Engine\CubicEngine\CubicEngine\Debug\link.2216.write.1.tlog
D:\Documents\Work\Dropbox\Cubic Engine\CubicEngine\CubicEngine\Debug\link.2372-cvtres.read.1.tlog
D:\Documents\Work\Dropbox\Cubic Engine\CubicEngine\CubicEngine\Debug\link.2372-cvtres.write.1.tlog
D:\Documents\Work\Dropbox\Cubic Engine\CubicEngine\CubicEngine\Debug\link.2372-rc.read.1.tlog
D:\Documents\Work\Dropbox\Cubic Engine\CubicEngine\CubicEngine\Debug\link.2372-rc.write.1.tlog
D:\Documents\Work\Dropbox\Cubic Engine\CubicEngine\CubicEngine\Debug\link.2372.read.1.tlog
D:\Documents\Work\Dropbox\Cubic Engine\CubicEngine\CubicEngine\Debug\link.2372.write.1.tlog
D:\Documents\Work\Dropbox\Cubic Engine\CubicEngine\CubicEngine\Debug\link.2500-cvtres.read.1.tlog
D:\Documents\Work\Dropbox\Cubic Engine\CubicEngine\CubicEngine\Debug\link.2500-cvtres.write.1.tlog
D:\Documents\Work\Dropbox\Cubic Engine\CubicEngine\CubicEngine\Debug\link.2500-rc.read.1.tlog
D:\Documents\Work\Dropbox\Cubic Engine\CubicEngine\CubicEngine\Debug\link.2500-rc.write.1.tlog
D:\Documents\Work\Dropbox\Cubic Engine\CubicEngine\CubicEngine\Debug\link.2500.read.1.tlog
D:\Documents\Work\Dropbox\Cubic Engine\CubicEngine\CubicEngine\Debug\link.2500.write.1.tlog
D:\Documents\Work\Dropbox\Cubic Engine\CubicEngine\CubicEngine\Debug\link.2920-cvtres.read.1.tlog
D:\Documents\Work\Dropbox\Cubic Engine\CubicEngine\CubicEngine\Debug\link.2920-cvtres.write.1.tlog
D:\Documents\Work\Dropbox\Cubic Engine\CubicEngine\CubicEngine\Debug\link.2920-rc.read.1.tlog
D:\Documents\Work\Dropbox\Cubic Engine\CubicEngine\CubicEngine\Debug\link.2920-rc.write.1.tlog
D:\Documents\Work\Dropbox\Cubic Engine\CubicEngine\CubicEngine\Debug\link.2920.read.1.tlog
D:\Documents\Work\Dropbox\Cubic Engine\CubicEngine\CubicEngine\Debug\link.2920.write.1.tlog
D:\Documents\Work\Dropbox\Cubic Engine\CubicEngine\CubicEngine\Debug\link.2924-cvtres.read.1.tlog
D:\Documents\Work\Dropbox\Cubic Engine\CubicEngine\CubicEngine\Debug\link.2924-cvtres.write.1.tlog
D:\Documents\Work\Dropbox\Cubic Engine\CubicEngine\CubicEngine\Debug\link.2924-rc.read.1.tlog
D:\Documents\Work\Dropbox\Cubic Engine\CubicEngine\CubicEngine\Debug\link.2924-rc.write.1.tlog
D:\Documents\Work\Dropbox\Cubic Engine\CubicEngine\CubicEngine\Debug\link.2924.read.1.tlog
D:\Documents\Work\Dropbox\Cubic Engine\CubicEngine\CubicEngine\Debug\link.2924.write.1.tlog
D:\Documents\Work\Dropbox\Cubic Engine\CubicEngine\CubicEngine\Debug\link.2928-cvtres.read.1.tlog
D:\Documents\Work\Dropbox\Cubic Engine\CubicEngine\CubicEngine\Debug\link.2928-cvtres.write.1.tlog
D:\Documents\Work\Dropbox\Cubic Engine\CubicEngine\CubicEngine\Debug\link.2928-rc.read.1.tlog
D:\Documents\Work\Dropbox\Cubic Engine\CubicEngine\CubicEngine\Debug\link.2928-rc.write.1.tlog
D:\Documents\Work\Dropbox\Cubic Engine\CubicEngine\CubicEngine\Debug\link.2928.read.1.tlog
D:\Documents\Work\Dropbox\Cubic Engine\CubicEngine\CubicEngine\Debug\link.2928.write.1.tlog
D:\Documents\Work\Dropbox\Cubic Engine\CubicEngine\CubicEngine\Debug\link.2944-cvtres.read.1.tlog
D:\Documents\Work\Dropbox\Cubic Engine\CubicEngine\CubicEngine\Debug\link.2944-cvtres.write.1.tlog
D:\Documents\Work\Dropbox\Cubic Engine\CubicEngine\CubicEngine\Debug\link.2944-rc.read.1.tlog
D:\Documents\Work\Dropbox\Cubic Engine\CubicEngine\CubicEngine\Debug\link.2944-rc.write.1.tlog
D:\Documents\Work\Dropbox\Cubic Engine\CubicEngine\CubicEngine\Debug\link.2944.read.1.tlog
D:\Documents\Work\Dropbox\Cubic Engine\CubicEngine\CubicEngine\Debug\link.2944.write.1.tlog
D:\Documents\Work\Dropbox\Cubic Engine\CubicEngine\CubicEngine\Debug\link.3144-cvtres.read.1.tlog
D:\Documents\Work\Dropbox\Cubic Engine\CubicEngine\CubicEngine\Debug\link.3144-cvtres.write.1.tlog
D:\Documents\Work\Dropbox\Cubic Engine\CubicEngine\CubicEngine\Debug\link.3144-rc.read.1.tlog
D:\Documents\Work\Dropbox\Cubic Engine\CubicEngine\CubicEngine\Debug\link.3144-rc.write.1.tlog
D:\Documents\Work\Dropbox\Cubic Engine\CubicEngine\CubicEngine\Debug\link.3144.read.1.tlog
D:\Documents\Work\Dropbox\Cubic Engine\CubicEngine\CubicEngine\Debug\link.3144.write.1.tlog
D:\Documents\Work\Dropbox\Cubic Engine\CubicEngine\CubicEngine\Debug\link.3328-cvtres.read.1.tlog
D:\Documents\Work\Dropbox\Cubic Engine\CubicEngine\CubicEngine\Debug\link.3328-cvtres.write.1.tlog
D:\Documents\Work\Dropbox\Cubic Engine\CubicEngine\CubicEngine\Debug\link.3328-rc.read.1.tlog
D:\Documents\Work\Dropbox\Cubic Engine\CubicEngine\CubicEngine\Debug\link.3328-rc.write.1.tlog
D:\Documents\Work\Dropbox\Cubic Engine\CubicEngine\CubicEngine\Debug\link.3328.read.1.tlog
D:\Documents\Work\Dropbox\Cubic Engine\CubicEngine\CubicEngine\Debug\link.3328.write.1.tlog
D:\Documents\Work\Dropbox\Cubic Engine\CubicEngine\CubicEngine\Debug\link.3392-cvtres.read.1.tlog
D:\Documents\Work\Dropbox\Cubic Engine\CubicEngine\CubicEngine\Debug\link.3392-cvtres.write.1.tlog
D:\Documents\Work\Dropbox\Cubic Engine\CubicEngine\CubicEngine\Debug\link.3392-rc.read.1.tlog
D:\Documents\Work\Dropbox\Cubic Engine\CubicEngine\CubicEngine\Debug\link.3392-rc.write.1.tlog
D:\Documents\Work\Dropbox\Cubic Engine\CubicEngine\CubicEngine\Debug\link.3392.read.1.tlog
D:\Documents\Work\Dropbox\Cubic Engine\CubicEngine\CubicEngine\Debug\link.3392.write.1.tlog
D:\Documents\Work\Dropbox\Cubic Engine\CubicEngine\CubicEngine\Debug\link.3432-cvtres.read.1.tlog
D:\Documents\Work\Dropbox\Cubic Engine\CubicEngine\CubicEngine\Debug\link.3432-cvtres.write.1.tlog
D:\Documents\Work\Dropbox\Cubic Engine\CubicEngine\CubicEngine\Debug\link.3432-rc.read.1.tlog
D:\Documents\Work\Dropbox\Cubic Engine\CubicEngine\CubicEngine\Debug\link.3432-rc.write.1.tlog
D:\Documents\Work\Dropbox\Cubic Engine\CubicEngine\CubicEngine\Debug\link.3432.read.1.tlog
D:\Documents\Work\Dropbox\Cubic Engine\CubicEngine\CubicEngine\Debug\link.3432.write.1.tlog
D:\Documents\Work\Dropbox\Cubic Engine\CubicEngine\CubicEngine\Debug\link.3532-cvtres.read.1.tlog
D:\Documents\Work\Dropbox\Cubic Engine\CubicEngine\CubicEngine\Debug\link.3532-cvtres.write.1.tlog
D:\Documents\Work\Dropbox\Cubic Engine\CubicEngine\CubicEngine\Debug\link.3532-rc.read.1.tlog
D:\Documents\Work\Dropbox\Cubic Engine\CubicEngine\CubicEngine\Debug\link.3532-rc.write.1.tlog
D:\Documents\Work\Dropbox\Cubic Engine\CubicEngine\CubicEngine\Debug\link.3532.read.1.tlog
D:\Documents\Work\Dropbox\Cubic Engine\CubicEngine\CubicEngine\Debug\link.3532.write.1.tlog
D:\Documents\Work\Dropbox\Cubic Engine\CubicEngine\CubicEngine\Debug\link.3792-cvtres.read.1.tlog
D:\Documents\Work\Dropbox\Cubic Engine\CubicEngine\CubicEngine\Debug\link.3792-cvtres.write.1.tlog
D:\Documents\Work\Dropbox\Cubic Engine\CubicEngine\CubicEngine\Debug\link.3792-rc.read.1.tlog
D:\Documents\Work\Dropbox\Cubic Engine\CubicEngine\CubicEngine\Debug\link.3792-rc.write.1.tlog
D:\Documents\Work\Dropbox\Cubic Engine\CubicEngine\CubicEngine\Debug\link.3792.read.1.tlog
D:\Documents\Work\Dropbox\Cubic Engine\CubicEngine\CubicEngine\Debug\link.3792.write.1.tlog
D:\Documents\Work\Dropbox\Cubic Engine\CubicEngine\CubicEngine\Debug\link.3912-cvtres.read.1.tlog
D:\Documents\Work\Dropbox\Cubic Engine\CubicEngine\CubicEngine\Debug\link.3912-cvtres.write.1.tlog
D:\Documents\Work\Dropbox\Cubic Engine\CubicEngine\CubicEngine\Debug\link.3912-rc.read.1.tlog
D:\Documents\Work\Dropbox\Cubic Engine\CubicEngine\CubicEngine\Debug\link.3912-rc.write.1.tlog
D:\Documents\Work\Dropbox\Cubic Engine\CubicEngine\CubicEngine\Debug\link.3912.read.1.tlog
D:\Documents\Work\Dropbox\Cubic Engine\CubicEngine\CubicEngine\Debug\link.3912.write.1.tlog
D:\Documents\Work\Dropbox\Cubic Engine\CubicEngine\CubicEngine\Debug\link.4140-cvtres.read.1.tlog
D:\Documents\Work\Dropbox\Cubic Engine\CubicEngine\CubicEngine\Debug\link.4140-cvtres.write.1.tlog
D:\Documents\Work\Dropbox\Cubic Engine\CubicEngine\CubicEngine\Debug\link.4140-rc.read.1.tlog
D:\Documents\Work\Dropbox\Cubic Engine\CubicEngine\CubicEngine\Debug\link.4140-rc.write.1.tlog
D:\Documents\Work\Dropbox\Cubic Engine\CubicEngine\CubicEngine\Debug\link.4140.read.1.tlog
D:\Documents\Work\Dropbox\Cubic Engine\CubicEngine\CubicEngine\Debug\link.4140.write.1.tlog
D:\Documents\Work\Dropbox\Cubic Engine\CubicEngine\CubicEngine\Debug\link.4264-cvtres.read.1.tlog
D:\Documents\Work\Dropbox\Cubic Engine\CubicEngine\CubicEngine\Debug\link.4264-cvtres.write.1.tlog
D:\Documents\Work\Dropbox\Cubic Engine\CubicEngine\CubicEngine\Debug\link.4264-rc.read.1.tlog
D:\Documents\Work\Dropbox\Cubic Engine\CubicEngine\CubicEngine\Debug\link.4264-rc.write.1.tlog
D:\Documents\Work\Dropbox\Cubic Engine\CubicEngine\CubicEngine\Debug\link.4264.read.1.tlog
D:\Documents\Work\Dropbox\Cubic Engine\CubicEngine\CubicEngine\Debug\link.4264.write.1.tlog
D:\Documents\Work\Dropbox\Cubic Engine\CubicEngine\CubicEngine\Debug\link.4284-cvtres.read.1.tlog
D:\Documents\Work\Dropbox\Cubic Engine\CubicEngine\CubicEngine\Debug\link.4284-cvtres.write.1.tlog
D:\Documents\Work\Dropbox\Cubic Engine\CubicEngine\CubicEngine\Debug\link.4284-rc.read.1.tlog
D:\Documents\Work\Dropbox\Cubic Engine\CubicEngine\CubicEngine\Debug\link.4284-rc.write.1.tlog
D:\Documents\Work\Dropbox\Cubic Engine\CubicEngine\CubicEngine\Debug\link.4284.read.1.tlog
D:\Documents\Work\Dropbox\Cubic Engine\CubicEngine\CubicEngine\Debug\link.4284.write.1.tlog
D:\Documents\Work\Dropbox\Cubic Engine\CubicEngine\CubicEngine\Debug\link.4400-cvtres.read.1.tlog
D:\Documents\Work\Dropbox\Cubic Engine\CubicEngine\CubicEngine\Debug\link.4400-cvtres.write.1.tlog
D:\Documents\Work\Dropbox\Cubic Engine\CubicEngine\CubicEngine\Debug\link.4400-rc.read.1.tlog
D:\Documents\Work\Dropbox\Cubic Engine\CubicEngine\CubicEngine\Debug\link.4400-rc.write.1.tlog
D:\Documents\Work\Dropbox\Cubic Engine\CubicEngine\CubicEngine\Debug\link.4400.read.1.tlog
D:\Documents\Work\Dropbox\Cubic Engine\CubicEngine\CubicEngine\Debug\link.4400.write.1.tlog
D:\Documents\Work\Dropbox\Cubic Engine\CubicEngine\CubicEngine\Debug\link.4588-cvtres.read.1.tlog
D:\Documents\Work\Dropbox\Cubic Engine\CubicEngine\CubicEngine\Debug\link.4588-cvtres.write.1.tlog
D:\Documents\Work\Dropbox\Cubic Engine\CubicEngine\CubicEngine\Debug\link.4588-rc.read.1.tlog
D:\Documents\Work\Dropbox\Cubic Engine\CubicEngine\CubicEngine\Debug\link.4588-rc.write.1.tlog
D:\Documents\Work\Dropbox\Cubic Engine\CubicEngine\CubicEngine\Debug\link.4588.read.1.tlog
D:\Documents\Work\Dropbox\Cubic Engine\CubicEngine\CubicEngine\Debug\link.4588.write.1.tlog
D:\Documents\Work\Dropbox\Cubic Engine\CubicEngine\CubicEngine\Debug\link.4592-cvtres.read.1.tlog
D:\Documents\Work\Dropbox\Cubic Engine\CubicEngine\CubicEngine\Debug\link.4592-cvtres.write.1.tlog
D:\Documents\Work\Dropbox\Cubic Engine\CubicEngine\CubicEngine\Debug\link.4592-rc.read.1.tlog
D:\Documents\Work\Dropbox\Cubic Engine\CubicEngine\CubicEngine\Debug\link.4592-rc.write.1.tlog
D:\Documents\Work\Dropbox\Cubic Engine\CubicEngine\CubicEngine\Debug\link.4592.read.1.tlog
D:\Documents\Work\Dropbox\Cubic Engine\CubicEngine\CubicEngine\Debug\link.4592.write.1.tlog
D:\Documents\Work\Dropbox\Cubic Engine\CubicEngine\CubicEngine\Debug\link.4708-cvtres.read.1.tlog
D:\Documents\Work\Dropbox\Cubic Engine\CubicEngine\CubicEngine\Debug\link.4708-cvtres.write.1.tlog
D:\Documents\Work\Dropbox\Cubic Engine\CubicEngine\CubicEngine\Debug\link.4708-rc.read.1.tlog
D:\Documents\Work\Dropbox\Cubic Engine\CubicEngine\CubicEngine\Debug\link.4708-rc.write.1.tlog
D:\Documents\Work\Dropbox\Cubic Engine\CubicEngine\CubicEngine\Debug\link.4708.read.1.tlog
D:\Documents\Work\Dropbox\Cubic Engine\CubicEngine\CubicEngine\Debug\link.4708.write.1.tlog
D:\Documents\Work\Dropbox\Cubic Engine\CubicEngine\CubicEngine\Debug\link.4816-cvtres.read.1.tlog
D:\Documents\Work\Dropbox\Cubic Engine\CubicEngine\CubicEngine\Debug\link.4816-cvtres.write.1.tlog
D:\Documents\Work\Dropbox\Cubic Engine\CubicEngine\CubicEngine\Debug\link.4816-rc.read.1.tlog
D:\Documents\Work\Dropbox\Cubic Engine\CubicEngine\CubicEngine\Debug\link.4816-rc.write.1.tlog
D:\Documents\Work\Dropbox\Cubic Engine\CubicEngine\CubicEngine\Debug\link.4816.read.1.tlog
D:\Documents\Work\Dropbox\Cubic Engine\CubicEngine\CubicEngine\Debug\link.4816.write.1.tlog
D:\Documents\Work\Dropbox\Cubic Engine\CubicEngine\CubicEngine\Debug\link.496-cvtres.read.1.tlog
D:\Documents\Work\Dropbox\Cubic Engine\CubicEngine\CubicEngine\Debug\link.496-cvtres.write.1.tlog
D:\Documents\Work\Dropbox\Cubic Engine\CubicEngine\CubicEngine\Debug\link.496-rc.read.1.tlog
D:\Documents\Work\Dropbox\Cubic Engine\CubicEngine\CubicEngine\Debug\link.496-rc.write.1.tlog
D:\Documents\Work\Dropbox\Cubic Engine\CubicEngine\CubicEngine\Debug\link.496.read.1.tlog
D:\Documents\Work\Dropbox\Cubic Engine\CubicEngine\CubicEngine\Debug\link.496.write.1.tlog
D:\Documents\Work\Dropbox\Cubic Engine\CubicEngine\CubicEngine\Debug\link.5152-cvtres.read.1.tlog
D:\Documents\Work\Dropbox\Cubic Engine\CubicEngine\CubicEngine\Debug\link.5152-cvtres.write.1.tlog
D:\Documents\Work\Dropbox\Cubic Engine\CubicEngine\CubicEngine\Debug\link.5152-rc.read.1.tlog
D:\Documents\Work\Dropbox\Cubic Engine\CubicEngine\CubicEngine\Debug\link.5152-rc.write.1.tlog
D:\Documents\Work\Dropbox\Cubic Engine\CubicEngine\CubicEngine\Debug\link.5152.read.1.tlog
D:\Documents\Work\Dropbox\Cubic Engine\CubicEngine\CubicEngine\Debug\link.5152.write.1.tlog
D:\Documents\Work\Dropbox\Cubic Engine\CubicEngine\CubicEngine\Debug\link.5208-cvtres.read.1.tlog
D:\Documents\Work\Dropbox\Cubic Engine\CubicEngine\CubicEngine\Debug\link.5208-cvtres.write.1.tlog
D:\Documents\Work\Dropbox\Cubic Engine\CubicEngine\CubicEngine\Debug\link.5208-rc.read.1.tlog
D:\Documents\Work\Dropbox\Cubic Engine\CubicEngine\CubicEngine\Debug\link.5208-rc.write.1.tlog
D:\Documents\Work\Dropbox\Cubic Engine\CubicEngine\CubicEngine\Debug\link.5208.read.1.tlog
D:\Documents\Work\Dropbox\Cubic Engine\CubicEngine\CubicEngine\Debug\link.5208.write.1.tlog
D:\Documents\Work\Dropbox\Cubic Engine\CubicEngine\CubicEngine\Debug\link.5212-cvtres.read.1.tlog
D:\Documents\Work\Dropbox\Cubic Engine\CubicEngine\CubicEngine\Debug\link.5212-cvtres.write.1.tlog
D:\Documents\Work\Dropbox\Cubic Engine\CubicEngine\CubicEngine\Debug\link.5212-rc.read.1.tlog
D:\Documents\Work\Dropbox\Cubic Engine\CubicEngine\CubicEngine\Debug\link.5212-rc.write.1.tlog
D:\Documents\Work\Dropbox\Cubic Engine\CubicEngine\CubicEngine\Debug\link.5212.read.1.tlog
D:\Documents\Work\Dropbox\Cubic Engine\CubicEngine\CubicEngine\Debug\link.5212.write.1.tlog
D:\Documents\Work\Dropbox\Cubic Engine\CubicEngine\CubicEngine\Debug\link.5224-cvtres.read.1.tlog
D:\Documents\Work\Dropbox\Cubic Engine\CubicEngine\CubicEngine\Debug\link.5224-cvtres.write.1.tlog
D:\Documents\Work\Dropbox\Cubic Engine\CubicEngine\CubicEngine\Debug\link.5224-rc.read.1.tlog
D:\Documents\Work\Dropbox\Cubic Engine\CubicEngine\CubicEngine\Debug\link.5224-rc.write.1.tlog
D:\Documents\Work\Dropbox\Cubic Engine\CubicEngine\CubicEngine\Debug\link.5224.read.1.tlog
D:\Documents\Work\Dropbox\Cubic Engine\CubicEngine\CubicEngine\Debug\link.5224.write.1.tlog
D:\Documents\Work\Dropbox\Cubic Engine\CubicEngine\CubicEngine\Debug\link.5228-cvtres.read.1.tlog
D:\Documents\Work\Dropbox\Cubic Engine\CubicEngine\CubicEngine\Debug\link.5228-cvtres.write.1.tlog
D:\Documents\Work\Dropbox\Cubic Engine\CubicEngine\CubicEngine\Debug\link.5228-rc.read.1.tlog
D:\Documents\Work\Dropbox\Cubic Engine\CubicEngine\CubicEngine\Debug\link.5228-rc.write.1.tlog
D:\Documents\Work\Dropbox\Cubic Engine\CubicEngine\CubicEngine\Debug\link.5228.read.1.tlog
D:\Documents\Work\Dropbox\Cubic Engine\CubicEngine\CubicEngine\Debug\link.5228.write.1.tlog
D:\Documents\Work\Dropbox\Cubic Engine\CubicEngine\CubicEngine\Debug\link.524-cvtres.read.1.tlog
D:\Documents\Work\Dropbox\Cubic Engine\CubicEngine\CubicEngine\Debug\link.524-cvtres.write.1.tlog
D:\Documents\Work\Dropbox\Cubic Engine\CubicEngine\CubicEngine\Debug\link.524-rc.read.1.tlog
D:\Documents\Work\Dropbox\Cubic Engine\CubicEngine\CubicEngine\Debug\link.524-rc.write.1.tlog
D:\Documents\Work\Dropbox\Cubic Engine\CubicEngine\CubicEngine\Debug\link.524.read.1.tlog
D:\Documents\Work\Dropbox\Cubic Engine\CubicEngine\CubicEngine\Debug\link.524.write.1.tlog
D:\Documents\Work\Dropbox\Cubic Engine\CubicEngine\CubicEngine\Debug\link.5244-cvtres.read.1.tlog
D:\Documents\Work\Dropbox\Cubic Engine\CubicEngine\CubicEngine\Debug\link.5244-cvtres.write.1.tlog
D:\Documents\Work\Dropbox\Cubic Engine\CubicEngine\CubicEngine\Debug\link.5244-rc.read.1.tlog
D:\Documents\Work\Dropbox\Cubic Engine\CubicEngine\CubicEngine\Debug\link.5244-rc.write.1.tlog
D:\Documents\Work\Dropbox\Cubic Engine\CubicEngine\CubicEngine\Debug\link.5244.read.1.tlog
D:\Documents\Work\Dropbox\Cubic Engine\CubicEngine\CubicEngine\Debug\link.5244.write.1.tlog
D:\Documents\Work\Dropbox\Cubic Engine\CubicEngine\CubicEngine\Debug\link.5248-cvtres.read.1.tlog
D:\Documents\Work\Dropbox\Cubic Engine\CubicEngine\CubicEngine\Debug\link.5248-cvtres.write.1.tlog
D:\Documents\Work\Dropbox\Cubic Engine\CubicEngine\CubicEngine\Debug\link.5248-rc.read.1.tlog
D:\Documents\Work\Dropbox\Cubic Engine\CubicEngine\CubicEngine\Debug\link.5248-rc.write.1.tlog
D:\Documents\Work\Dropbox\Cubic Engine\CubicEngine\CubicEngine\Debug\link.5248.read.1.tlog
D:\Documents\Work\Dropbox\Cubic Engine\CubicEngine\CubicEngine\Debug\link.5248.write.1.tlog
D:\Documents\Work\Dropbox\Cubic Engine\CubicEngine\CubicEngine\Debug\link.5324-cvtres.read.1.tlog
D:\Documents\Work\Dropbox\Cubic Engine\CubicEngine\CubicEngine\Debug\link.5324-cvtres.write.1.tlog
D:\Documents\Work\Dropbox\Cubic Engine\CubicEngine\CubicEngine\Debug\link.5324-rc.read.1.tlog
D:\Documents\Work\Dropbox\Cubic Engine\CubicEngine\CubicEngine\Debug\link.5324-rc.write.1.tlog
D:\Documents\Work\Dropbox\Cubic Engine\CubicEngine\CubicEngine\Debug\link.5324.read.1.tlog
D:\Documents\Work\Dropbox\Cubic Engine\CubicEngine\CubicEngine\Debug\link.5324.write.1.tlog
D:\Documents\Work\Dropbox\Cubic Engine\CubicEngine\CubicEngine\Debug\link.5484-cvtres.read.1.tlog
D:\Documents\Work\Dropbox\Cubic Engine\CubicEngine\CubicEngine\Debug\link.5484-cvtres.write.1.tlog
D:\Documents\Work\Dropbox\Cubic Engine\CubicEngine\CubicEngine\Debug\link.5484-rc.read.1.tlog
D:\Documents\Work\Dropbox\Cubic Engine\CubicEngine\CubicEngine\Debug\link.5484-rc.write.1.tlog
D:\Documents\Work\Dropbox\Cubic Engine\CubicEngine\CubicEngine\Debug\link.5484.read.1.tlog
D:\Documents\Work\Dropbox\Cubic Engine\CubicEngine\CubicEngine\Debug\link.5484.write.1.tlog
D:\Documents\Work\Dropbox\Cubic Engine\CubicEngine\CubicEngine\Debug\link.552-cvtres.read.1.tlog
D:\Documents\Work\Dropbox\Cubic Engine\CubicEngine\CubicEngine\Debug\link.552-cvtres.write.1.tlog
D:\Documents\Work\Dropbox\Cubic Engine\CubicEngine\CubicEngine\Debug\link.552-rc.read.1.tlog
D:\Documents\Work\Dropbox\Cubic Engine\CubicEngine\CubicEngine\Debug\link.552-rc.write.1.tlog
D:\Documents\Work\Dropbox\Cubic Engine\CubicEngine\CubicEngine\Debug\link.552.read.1.tlog
D:\Documents\Work\Dropbox\Cubic Engine\CubicEngine\CubicEngine\Debug\link.552.write.1.tlog
D:\Documents\Work\Dropbox\Cubic Engine\CubicEngine\CubicEngine\Debug\link.5616-cvtres.read.1.tlog
D:\Documents\Work\Dropbox\Cubic Engine\CubicEngine\CubicEngine\Debug\link.5616-cvtres.write.1.tlog
D:\Documents\Work\Dropbox\Cubic Engine\CubicEngine\CubicEngine\Debug\link.5616-rc.read.1.tlog
D:\Documents\Work\Dropbox\Cubic Engine\CubicEngine\CubicEngine\Debug\link.5616-rc.write.1.tlog
D:\Documents\Work\Dropbox\Cubic Engine\CubicEngine\CubicEngine\Debug\link.5616.read.1.tlog
D:\Documents\Work\Dropbox\Cubic Engine\CubicEngine\CubicEngine\Debug\link.5616.write.1.tlog
D:\Documents\Work\Dropbox\Cubic Engine\CubicEngine\CubicEngine\Debug\link.5632-cvtres.read.1.tlog
D:\Documents\Work\Dropbox\Cubic Engine\CubicEngine\CubicEngine\Debug\link.5632-cvtres.write.1.tlog
D:\Documents\Work\Dropbox\Cubic Engine\CubicEngine\CubicEngine\Debug\link.5632-rc.read.1.tlog
D:\Documents\Work\Dropbox\Cubic Engine\CubicEngine\CubicEngine\Debug\link.5632-rc.write.1.tlog
D:\Documents\Work\Dropbox\Cubic Engine\CubicEngine\CubicEngine\Debug\link.5632.read.1.tlog
D:\Documents\Work\Dropbox\Cubic Engine\CubicEngine\CubicEngine\Debug\link.5632.write.1.tlog
D:\Documents\Work\Dropbox\Cubic Engine\CubicEngine\CubicEngine\Debug\link.5648-cvtres.read.1.tlog
D:\Documents\Work\Dropbox\Cubic Engine\CubicEngine\CubicEngine\Debug\link.5648-cvtres.write.1.tlog
D:\Documents\Work\Dropbox\Cubic Engine\CubicEngine\CubicEngine\Debug\link.5648-rc.read.1.tlog
D:\Documents\Work\Dropbox\Cubic Engine\CubicEngine\CubicEngine\Debug\link.5648-rc.write.1.tlog
D:\Documents\Work\Dropbox\Cubic Engine\CubicEngine\CubicEngine\Debug\link.5648.read.1.tlog
D:\Documents\Work\Dropbox\Cubic Engine\CubicEngine\CubicEngine\Debug\link.5648.write.1.tlog
D:\Documents\Work\Dropbox\Cubic Engine\CubicEngine\CubicEngine\Debug\link.5660-cvtres.read.1.tlog
D:\Documents\Work\Dropbox\Cubic Engine\CubicEngine\CubicEngine\Debug\link.5660-cvtres.write.1.tlog
D:\Documents\Work\Dropbox\Cubic Engine\CubicEngine\CubicEngine\Debug\link.5660-rc.read.1.tlog
D:\Documents\Work\Dropbox\Cubic Engine\CubicEngine\CubicEngine\Debug\link.5660-rc.write.1.tlog
D:\Documents\Work\Dropbox\Cubic Engine\CubicEngine\CubicEngine\Debug\link.5660.read.1.tlog
D:\Documents\Work\Dropbox\Cubic Engine\CubicEngine\CubicEngine\Debug\link.5660.write.1.tlog
D:\Documents\Work\Dropbox\Cubic Engine\CubicEngine\CubicEngine\Debug\link.5720-cvtres.read.1.tlog
D:\Documents\Work\Dropbox\Cubic Engine\CubicEngine\CubicEngine\Debug\link.5720-cvtres.write.1.tlog
D:\Documents\Work\Dropbox\Cubic Engine\CubicEngine\CubicEngine\Debug\link.5720-rc.read.1.tlog
D:\Documents\Work\Dropbox\Cubic Engine\CubicEngine\CubicEngine\Debug\link.5720-rc.write.1.tlog
D:\Documents\Work\Dropbox\Cubic Engine\CubicEngine\CubicEngine\Debug\link.5720.read.1.tlog
D:\Documents\Work\Dropbox\Cubic Engine\CubicEngine\CubicEngine\Debug\link.5720.write.1.tlog
D:\Documents\Work\Dropbox\Cubic Engine\CubicEngine\CubicEngine\Debug\link.5824-cvtres.read.1.tlog
D:\Documents\Work\Dropbox\Cubic Engine\CubicEngine\CubicEngine\Debug\link.5824-cvtres.write.1.tlog
D:\Documents\Work\Dropbox\Cubic Engine\CubicEngine\CubicEngine\Debug\link.5824-rc.read.1.tlog
D:\Documents\Work\Dropbox\Cubic Engine\CubicEngine\CubicEngine\Debug\link.5824-rc.write.1.tlog
D:\Documents\Work\Dropbox\Cubic Engine\CubicEngine\CubicEngine\Debug\link.5824.read.1.tlog
D:\Documents\Work\Dropbox\Cubic Engine\CubicEngine\CubicEngine\Debug\link.5824.write.1.tlog
D:\Documents\Work\Dropbox\Cubic Engine\CubicEngine\CubicEngine\Debug\link.5844-cvtres.read.1.tlog
D:\Documents\Work\Dropbox\Cubic Engine\CubicEngine\CubicEngine\Debug\link.5844-cvtres.write.1.tlog
D:\Documents\Work\Dropbox\Cubic Engine\CubicEngine\CubicEngine\Debug\link.5844-rc.read.1.tlog
D:\Documents\Work\Dropbox\Cubic Engine\CubicEngine\CubicEngine\Debug\link.5844-rc.write.1.tlog
D:\Documents\Work\Dropbox\Cubic Engine\CubicEngine\CubicEngine\Debug\link.5844.read.1.tlog
D:\Documents\Work\Dropbox\Cubic Engine\CubicEngine\CubicEngine\Debug\link.5844.write.1.tlog
D:\Documents\Work\Dropbox\Cubic Engine\CubicEngine\CubicEngine\Debug\link.5848-cvtres.read.1.tlog
D:\Documents\Work\Dropbox\Cubic Engine\CubicEngine\CubicEngine\Debug\link.5848-cvtres.write.1.tlog
D:\Documents\Work\Dropbox\Cubic Engine\CubicEngine\CubicEngine\Debug\link.5848-rc.read.1.tlog
D:\Documents\Work\Dropbox\Cubic Engine\CubicEngine\CubicEngine\Debug\link.5848-rc.write.1.tlog
D:\Documents\Work\Dropbox\Cubic Engine\CubicEngine\CubicEngine\Debug\link.5848.read.1.tlog
D:\Documents\Work\Dropbox\Cubic Engine\CubicEngine\CubicEngine\Debug\link.5848.write.1.tlog
D:\Documents\Work\Dropbox\Cubic Engine\CubicEngine\CubicEngine\Debug\link.5856-cvtres.read.1.tlog
D:\Documents\Work\Dropbox\Cubic Engine\CubicEngine\CubicEngine\Debug\link.5856-cvtres.write.1.tlog
D:\Documents\Work\Dropbox\Cubic Engine\CubicEngine\CubicEngine\Debug\link.5856-rc.read.1.tlog
D:\Documents\Work\Dropbox\Cubic Engine\CubicEngine\CubicEngine\Debug\link.5856-rc.write.1.tlog
D:\Documents\Work\Dropbox\Cubic Engine\CubicEngine\CubicEngine\Debug\link.5856.read.1.tlog
D:\Documents\Work\Dropbox\Cubic Engine\CubicEngine\CubicEngine\Debug\link.5856.write.1.tlog
D:\Documents\Work\Dropbox\Cubic Engine\CubicEngine\CubicEngine\Debug\link.5860-cvtres.read.1.tlog
D:\Documents\Work\Dropbox\Cubic Engine\CubicEngine\CubicEngine\Debug\link.5860-cvtres.write.1.tlog
D:\Documents\Work\Dropbox\Cubic Engine\CubicEngine\CubicEngine\Debug\link.5860-rc.read.1.tlog
D:\Documents\Work\Dropbox\Cubic Engine\CubicEngine\CubicEngine\Debug\link.5860-rc.write.1.tlog
D:\Documents\Work\Dropbox\Cubic Engine\CubicEngine\CubicEngine\Debug\link.5860.read.1.tlog
D:\Documents\Work\Dropbox\Cubic Engine\CubicEngine\CubicEngine\Debug\link.5860.write.1.tlog
D:\Documents\Work\Dropbox\Cubic Engine\CubicEngine\CubicEngine\Debug\link.5936-cvtres.read.1.tlog
D:\Documents\Work\Dropbox\Cubic Engine\CubicEngine\CubicEngine\Debug\link.5936-cvtres.write.1.tlog
D:\Documents\Work\Dropbox\Cubic Engine\CubicEngine\CubicEngine\Debug\link.5936-rc.read.1.tlog
D:\Documents\Work\Dropbox\Cubic Engine\CubicEngine\CubicEngine\Debug\link.5936-rc.write.1.tlog
D:\Documents\Work\Dropbox\Cubic Engine\CubicEngine\CubicEngine\Debug\link.5936.read.1.tlog
D:\Documents\Work\Dropbox\Cubic Engine\CubicEngine\CubicEngine\Debug\link.5936.write.1.tlog
D:\Documents\Work\Dropbox\Cubic Engine\CubicEngine\CubicEngine\Debug\link.5944-cvtres.read.1.tlog
D:\Documents\Work\Dropbox\Cubic Engine\CubicEngine\CubicEngine\Debug\link.5944-cvtres.write.1.tlog
D:\Documents\Work\Dropbox\Cubic Engine\CubicEngine\CubicEngine\Debug\link.5944-rc.read.1.tlog
D:\Documents\Work\Dropbox\Cubic Engine\CubicEngine\CubicEngine\Debug\link.5944-rc.write.1.tlog
D:\Documents\Work\Dropbox\Cubic Engine\CubicEngine\CubicEngine\Debug\link.5944.read.1.tlog
D:\Documents\Work\Dropbox\Cubic Engine\CubicEngine\CubicEngine\Debug\link.5944.write.1.tlog
D:\Documents\Work\Dropbox\Cubic Engine\CubicEngine\CubicEngine\Debug\link.6000-cvtres.read.1.tlog
D:\Documents\Work\Dropbox\Cubic Engine\CubicEngine\CubicEngine\Debug\link.6000-cvtres.write.1.tlog
D:\Documents\Work\Dropbox\Cubic Engine\CubicEngine\CubicEngine\Debug\link.6000-rc.read.1.tlog
D:\Documents\Work\Dropbox\Cubic Engine\CubicEngine\CubicEngine\Debug\link.6000-rc.write.1.tlog
D:\Documents\Work\Dropbox\Cubic Engine\CubicEngine\CubicEngine\Debug\link.6000.read.1.tlog
D:\Documents\Work\Dropbox\Cubic Engine\CubicEngine\CubicEngine\Debug\link.6000.write.1.tlog
D:\Documents\Work\Dropbox\Cubic Engine\CubicEngine\CubicEngine\Debug\link.6044-cvtres.read.1.tlog
D:\Documents\Work\Dropbox\Cubic Engine\CubicEngine\CubicEngine\Debug\link.6044-cvtres.write.1.tlog
D:\Documents\Work\Dropbox\Cubic Engine\CubicEngine\CubicEngine\Debug\link.6044-rc.read.1.tlog
D:\Documents\Work\Dropbox\Cubic Engine\CubicEngine\CubicEngine\Debug\link.6044-rc.write.1.tlog
D:\Documents\Work\Dropbox\Cubic Engine\CubicEngine\CubicEngine\Debug\link.6044.read.1.tlog
D:\Documents\Work\Dropbox\Cubic Engine\CubicEngine\CubicEngine\Debug\link.6044.write.1.tlog
D:\Documents\Work\Dropbox\Cubic Engine\CubicEngine\CubicEngine\Debug\link.6084-cvtres.read.1.tlog
D:\Documents\Work\Dropbox\Cubic Engine\CubicEngine\CubicEngine\Debug\link.6084-cvtres.write.1.tlog
D:\Documents\Work\Dropbox\Cubic Engine\CubicEngine\CubicEngine\Debug\link.6084-rc.read.1.tlog
D:\Documents\Work\Dropbox\Cubic Engine\CubicEngine\CubicEngine\Debug\link.6084-rc.write.1.tlog
D:\Documents\Work\Dropbox\Cubic Engine\CubicEngine\CubicEngine\Debug\link.6084.read.1.tlog
D:\Documents\Work\Dropbox\Cubic Engine\CubicEngine\CubicEngine\Debug\link.6084.write.1.tlog
D:\Documents\Work\Dropbox\Cubic Engine\CubicEngine\CubicEngine\Debug\link.6108-cvtres.read.1.tlog
D:\Documents\Work\Dropbox\Cubic Engine\CubicEngine\CubicEngine\Debug\link.6108-cvtres.write.1.tlog
D:\Documents\Work\Dropbox\Cubic Engine\CubicEngine\CubicEngine\Debug\link.6108-rc.read.1.tlog
D:\Documents\Work\Dropbox\Cubic Engine\CubicEngine\CubicEngine\Debug\link.6108-rc.write.1.tlog
D:\Documents\Work\Dropbox\Cubic Engine\CubicEngine\CubicEngine\Debug\link.6108.read.1.tlog
D:\Documents\Work\Dropbox\Cubic Engine\CubicEngine\CubicEngine\Debug\link.6108.write.1.tlog
D:\Documents\Work\Dropbox\Cubic Engine\CubicEngine\CubicEngine\Debug\link.792-cvtres.read.1.tlog
D:\Documents\Work\Dropbox\Cubic Engine\CubicEngine\CubicEngine\Debug\link.792-cvtres.write.1.tlog
D:\Documents\Work\Dropbox\Cubic Engine\CubicEngine\CubicEngine\Debug\link.792-rc.read.1.tlog
D:\Documents\Work\Dropbox\Cubic Engine\CubicEngine\CubicEngine\Debug\link.792-rc.write.1.tlog
D:\Documents\Work\Dropbox\Cubic Engine\CubicEngine\CubicEngine\Debug\link.792.read.1.tlog
D:\Documents\Work\Dropbox\Cubic Engine\CubicEngine\CubicEngine\Debug\link.792.write.1.tlog
D:\Documents\Work\Dropbox\Cubic Engine\CubicEngine\CubicEngine\Debug\link.864-cvtres.read.1.tlog
D:\Documents\Work\Dropbox\Cubic Engine\CubicEngine\CubicEngine\Debug\link.864-cvtres.write.1.tlog
D:\Documents\Work\Dropbox\Cubic Engine\CubicEngine\CubicEngine\Debug\link.864-rc.read.1.tlog
D:\Documents\Work\Dropbox\Cubic Engine\CubicEngine\CubicEngine\Debug\link.864-rc.write.1.tlog
D:\Documents\Work\Dropbox\Cubic Engine\CubicEngine\CubicEngine\Debug\link.864.read.1.tlog
D:\Documents\Work\Dropbox\Cubic Engine\CubicEngine\CubicEngine\Debug\link.864.write.1.tlog
D:\Documents\Work\Dropbox\Cubic Engine\CubicEngine\CubicEngine\Debug\link.936-cvtres.read.1.tlog
D:\Documents\Work\Dropbox\Cubic Engine\CubicEngine\CubicEngine\Debug\link.936-cvtres.write.1.tlog
D:\Documents\Work\Dropbox\Cubic Engine\CubicEngine\CubicEngine\Debug\link.936-rc.read.1.tlog
D:\Documents\Work\Dropbox\Cubic Engine\CubicEngine\CubicEngine\Debug\link.936-rc.write.1.tlog
D:\Documents\Work\Dropbox\Cubic Engine\CubicEngine\CubicEngine\Debug\link.936.read.1.tlog
D:\Documents\Work\Dropbox\Cubic Engine\CubicEngine\CubicEngine\Debug\link.936.write.1.tlog
D:\Documents\Work\Dropbox\Cubic Engine\CubicEngine\CubicEngine\Debug\link.996-cvtres.read.1.tlog
D:\Documents\Work\Dropbox\Cubic Engine\CubicEngine\CubicEngine\Debug\link.996-cvtres.write.1.tlog
D:\Documents\Work\Dropbox\Cubic Engine\CubicEngine\CubicEngine\Debug\link.996-rc.read.1.tlog
D:\Documents\Work\Dropbox\Cubic Engine\CubicEngine\CubicEngine\Debug\link.996-rc.write.1.tlog
D:\Documents\Work\Dropbox\Cubic Engine\CubicEngine\CubicEngine\Debug\link.996.read.1.tlog
D:\Documents\Work\Dropbox\Cubic Engine\CubicEngine\CubicEngine\Debug\link.996.write.1.tlog
D:\Documents\Work\Dropbox\Cubic Engine\CubicEngine\CubicEngine\Debug\link.command.1.tlog
D:\Documents\Work\Dropbox\Cubic Engine\CubicEngine\CubicEngine\Debug\link.read.1.tlog
D:\Documents\Work\Dropbox\Cubic Engine\CubicEngine\CubicEngine\Debug\link.write.1.tlog
D:\Documents\Work\Dropbox\Cubic Engine\CubicEngine\CubicEngine\Debug\vc110.idb
D:\Documents\Work\Dropbox\Cubic Engine\CubicEngine\CubicEngine\Debug\vc110.pdb
D:\Documents\Work\Dropbox\Cubic Engine\CubicEngine\Debug\CubicEngine.pdb
D:\Documents\Work\Dropbox\Cubic Engine\CubicEngine\Debug\CubicEngine.exe
D:\Documents\Work\Dropbox\Cubic Engine\CubicEngine\Debug\CubicEngine.ilk
