D:\DOCUMENTS\WORK\DROPBOX\CUBIC ENGINE\CUBICENGINE\CUBICENGINE\RELEASE\POINT.OBJ
D:\DOCUMENTS\WORK\DROPBOX\CUBIC ENGINE\CUBICENGINE\CUBICENGINE\RELEASE\OCTTREE.OBJ
D:\DOCUMENTS\WORK\DROPBOX\CUBIC ENGINE\CUBICENGINE\CUBICENGINE\RELEASE\OBJECTCONTROLLER.OBJ
D:\DOCUMENTS\WORK\DROPBOX\CUBIC ENGINE\CUBICENGINE\CUBICENGINE\RELEASE\MODELCONTAINER.OBJ
D:\DOCUMENTS\WORK\DROPBOX\CUBIC ENGINE\CUBICENGINE\CUBICENGINE\RELEASE\MODEL.OBJ
D:\DOCUMENTS\WORK\DROPBOX\CUBIC ENGINE\CUBICENGINE\CUBICENGINE\RELEASE\MATERIAL.OBJ
D:\DOCUMENTS\WORK\DROPBOX\CUBIC ENGINE\CUBICENGINE\CUBICENGINE\RELEASE\MAIN.OBJ
D:\DOCUMENTS\WORK\DROPBOX\CUBIC ENGINE\CUBICENGINE\CUBICENGINE\RELEASE\HUDOBJECTS.OBJ
D:\DOCUMENTS\WORK\DROPBOX\CUBIC ENGINE\CUBICENGINE\CUBICENGINE\RELEASE\GLTEXTURECONTAINER.OBJ
D:\DOCUMENTS\WORK\DROPBOX\CUBIC ENGINE\CUBICENGINE\CUBICENGINE\RELEASE\GAMECLASSES.OBJ
D:\DOCUMENTS\WORK\DROPBOX\CUBIC ENGINE\CUBICENGINE\CUBICENGINE\RELEASE\FACE.OBJ
D:\DOCUMENTS\WORK\DROPBOX\CUBIC ENGINE\CUBICENGINE\CUBICENGINE\RELEASE\ENVIRONMENT.OBJ
D:\DOCUMENTS\WORK\DROPBOX\CUBIC ENGINE\CUBICENGINE\CUBICENGINE\RELEASE\DYNAMICMESH.OBJ
D:\DOCUMENTS\WORK\DROPBOX\CUBIC ENGINE\CUBICENGINE\CUBICENGINE\RELEASE\DIMENSIONS.OBJ
D:\DOCUMENTS\WORK\DROPBOX\CUBIC ENGINE\CUBICENGINE\CUBICENGINE\RELEASE\COLOR.OBJ
D:\DOCUMENTS\WORK\DROPBOX\CUBIC ENGINE\CUBICENGINE\CUBICENGINE\RELEASE\CAMERA.OBJ
D:\DOCUMENTS\WORK\DROPBOX\CUBIC ENGINE\CUBICENGINE\CUBICENGINE\RELEASE\BITMAPFONTCONTAINER.OBJ
D:\DOCUMENTS\WORK\DROPBOX\CUBIC ENGINE\CUBICENGINE\CUBICENGINE\RELEASE\BITMAPFONT.OBJ
D:\DOCUMENTS\WORK\DROPBOX\CUBIC ENGINE\CUBICENGINE\CUBICENGINE\RELEASE\ANIMATIONCONTAINER.OBJ
D:\DOCUMENTS\WORK\DROPBOX\CUBIC ENGINE\CUBICENGINE\CUBICENGINE\RELEASE\ANIMATEDOBJECT.OBJ
D:\DOCUMENTS\WORK\DROPBOX\CUBIC ENGINE\CUBICENGINE\CUBICENGINE\RELEASE\VERTEX.OBJ
D:\DOCUMENTS\WORK\DROPBOX\CUBIC ENGINE\CUBICENGINE\CUBICENGINE\RELEASE\VECTOR.OBJ
D:\DOCUMENTS\WORK\DROPBOX\CUBIC ENGINE\CUBICENGINE\CUBICENGINE\RELEASE\UTILITIES.OBJ
D:\DOCUMENTS\WORK\DROPBOX\CUBIC ENGINE\CUBICENGINE\CUBICENGINE\RELEASE\TEXTURE.OBJ
D:\DOCUMENTS\WORK\DROPBOX\CUBIC ENGINE\CUBICENGINE\CUBICENGINE\RELEASE\TERRAINGENERATOR.OBJ
D:\DOCUMENTS\WORK\DROPBOX\CUBIC ENGINE\CUBICENGINE\CUBICENGINE\RELEASE\STATICOBJECT2D.OBJ
D:\DOCUMENTS\WORK\DROPBOX\CUBIC ENGINE\CUBICENGINE\CUBICENGINE\RELEASE\STATICOBJECT.OBJ
D:\DOCUMENTS\WORK\DROPBOX\CUBIC ENGINE\CUBICENGINE\CUBICENGINE\RELEASE\ANIMATION.OBJ
D:\DOCUMENTS\WORK\DROPBOX\CUBIC ENGINE\CUBICENGINE\CUBICENGINE\RELEASE\DISPLAYSCREEN.OBJ
D:\DOCUMENTS\WORK\DROPBOX\CUBIC ENGINE\CUBICENGINE\CUBICENGINE\RELEASE\MATERIALCONTAINER.OBJ
D:\DOCUMENTS\WORK\DROPBOX\CUBIC ENGINE\CUBICENGINE\CUBICENGINE\RELEASE\VC110.PDB
D:\DOCUMENTS\WORK\DROPBOX\CUBIC ENGINE\CUBICENGINE\RELEASE\CUBICENGINE.EXE
D:\DOCUMENTS\WORK\DROPBOX\CUBIC ENGINE\CUBICENGINE\RELEASE\CUBICENGINE.PDB
D:\Documents\Work\Dropbox\Cubic Engine\CubicEngine\CubicEngine\Release\AnimatedObject.obj
D:\Documents\Work\Dropbox\Cubic Engine\CubicEngine\CubicEngine\Release\Animation.obj
D:\Documents\Work\Dropbox\Cubic Engine\CubicEngine\CubicEngine\Release\AnimationContainer.obj
D:\Documents\Work\Dropbox\Cubic Engine\CubicEngine\CubicEngine\Release\BitmapFont.obj
D:\Documents\Work\Dropbox\Cubic Engine\CubicEngine\CubicEngine\Release\BitmapFontContainer.obj
D:\Documents\Work\Dropbox\Cubic Engine\CubicEngine\CubicEngine\Release\Camera.obj
D:\Documents\Work\Dropbox\Cubic Engine\CubicEngine\CubicEngine\Release\Color.obj
D:\Documents\Work\Dropbox\Cubic Engine\CubicEngine\CubicEngine\Release\Dimensions.obj
D:\Documents\Work\Dropbox\Cubic Engine\CubicEngine\CubicEngine\Release\DisplayScreen.obj
D:\Documents\Work\Dropbox\Cubic Engine\CubicEngine\CubicEngine\Release\DynamicMesh.obj
D:\Documents\Work\Dropbox\Cubic Engine\CubicEngine\CubicEngine\Release\Environment.obj
D:\Documents\Work\Dropbox\Cubic Engine\CubicEngine\CubicEngine\Release\Face.obj
D:\Documents\Work\Dropbox\Cubic Engine\CubicEngine\CubicEngine\Release\GameClasses.obj
D:\Documents\Work\Dropbox\Cubic Engine\CubicEngine\CubicEngine\Release\GLTextureContainer.obj
D:\Documents\Work\Dropbox\Cubic Engine\CubicEngine\CubicEngine\Release\HudObjects.obj
D:\Documents\Work\Dropbox\Cubic Engine\CubicEngine\CubicEngine\Release\main.obj
D:\Documents\Work\Dropbox\Cubic Engine\CubicEngine\CubicEngine\Release\Material.obj
D:\Documents\Work\Dropbox\Cubic Engine\CubicEngine\CubicEngine\Release\MaterialContainer.obj
D:\Documents\Work\Dropbox\Cubic Engine\CubicEngine\CubicEngine\Release\Model.obj
D:\Documents\Work\Dropbox\Cubic Engine\CubicEngine\CubicEngine\Release\ModelContainer.obj
D:\Documents\Work\Dropbox\Cubic Engine\CubicEngine\CubicEngine\Release\ObjectController.obj
D:\Documents\Work\Dropbox\Cubic Engine\CubicEngine\CubicEngine\Release\OctTree.obj
D:\Documents\Work\Dropbox\Cubic Engine\CubicEngine\CubicEngine\Release\Point.obj
D:\Documents\Work\Dropbox\Cubic Engine\CubicEngine\CubicEngine\Release\StaticObject.obj
D:\Documents\Work\Dropbox\Cubic Engine\CubicEngine\CubicEngine\Release\StaticObject2D.obj
D:\Documents\Work\Dropbox\Cubic Engine\CubicEngine\CubicEngine\Release\TerrainGenerator.obj
D:\Documents\Work\Dropbox\Cubic Engine\CubicEngine\CubicEngine\Release\Texture.obj
D:\Documents\Work\Dropbox\Cubic Engine\CubicEngine\CubicEngine\Release\Utilities.obj
D:\Documents\Work\Dropbox\Cubic Engine\CubicEngine\CubicEngine\Release\Vector.obj
D:\Documents\Work\Dropbox\Cubic Engine\CubicEngine\CubicEngine\Release\Vertex.obj
D:\Documents\Work\Dropbox\Cubic Engine\CubicEngine\CubicEngine\Release\cl.command.1.tlog
D:\Documents\Work\Dropbox\Cubic Engine\CubicEngine\CubicEngine\Release\CL.read.1.tlog
D:\Documents\Work\Dropbox\Cubic Engine\CubicEngine\CubicEngine\Release\CL.write.1.tlog
D:\Documents\Work\Dropbox\Cubic Engine\CubicEngine\CubicEngine\Release\link-cvtres.read.1.tlog
D:\Documents\Work\Dropbox\Cubic Engine\CubicEngine\CubicEngine\Release\link-cvtres.write.1.tlog
D:\Documents\Work\Dropbox\Cubic Engine\CubicEngine\CubicEngine\Release\link-rc.read.1.tlog
D:\Documents\Work\Dropbox\Cubic Engine\CubicEngine\CubicEngine\Release\link-rc.write.1.tlog
D:\Documents\Work\Dropbox\Cubic Engine\CubicEngine\CubicEngine\Release\link.command.1.tlog
D:\Documents\Work\Dropbox\Cubic Engine\CubicEngine\CubicEngine\Release\link.read.1.tlog
D:\Documents\Work\Dropbox\Cubic Engine\CubicEngine\CubicEngine\Release\link.write.1.tlog
D:\Documents\Work\Dropbox\Cubic Engine\CubicEngine\CubicEngine\Release\vc110.pdb
D:\Documents\Work\Dropbox\Cubic Engine\CubicEngine\Release\CubicEngine.pdb
D:\Documents\Work\Dropbox\Cubic Engine\CubicEngine\Release\CubicEngine.exe
