Build started 2/6/2015 4:22:53 PM.
     1>Project "D:\Documents\Drop Box Backup\Cubic Engine\CubicEngine\CubicEngine\CubicEngine.vcxproj" on node 2 (Build target(s)).
     1>ClCompile:
         D:\Program Files (x86)\Microsoft Visual Studio 11.0\VC\bin\CL.exe /c /Zi /nologo /W3 /WX- /O2 /Oi /Oy- /GL /D WIN32 /D NDEBUG /D _CONSOLE /D _UNICODE /D UNICODE /Gm- /EHsc /MD /GS /Gy /fp:precise /Zc:wchar_t /Zc:forScope /Fo"Release\\" /Fd"Release\vc110.pdb" /Gd /TP /analyze- /errorReport:prompt main.cpp
         main.cpp
     1>main.cpp(248): warning C4305: 'argument' : truncation from 'double' to 'float'
     1>main.cpp(266): warning C4305: 'argument' : truncation from 'double' to 'float'
     1>main.cpp(280): warning C4305: 'argument' : truncation from 'double' to 'float'
       Link:
         D:\Program Files (x86)\Microsoft Visual Studio 11.0\VC\bin\link.exe /ERRORREPORT:PROMPT /OUT:"D:\Documents\Drop Box Backup\Cubic Engine\CubicEngine\Release\CubicEngine.exe" /INCREMENTAL:NO /NOLOGO SDL.lib SDLmain.lib SDL_image.lib SDL_ttf.lib SDL_mixer.lib opengl32.lib glu32.lib kernel32.lib user32.lib gdi32.lib winspool.lib comdlg32.lib advapi32.lib shell32.lib ole32.lib oleaut32.lib uuid.lib odbc32.lib odbccp32.lib /MANIFEST /MANIFESTUAC:"level='asInvoker' uiAccess='false'" /manifest:embed /DEBUG /PDB:"D:\Documents\Drop Box Backup\Cubic Engine\CubicEngine\Release\CubicEngine.pdb" /SUBSYSTEM:WINDOWS /OPT:REF /OPT:ICF /LTCG /TLBID:1 /DYNAMICBASE /NXCOMPAT /IMPLIB:"D:\Documents\Drop Box Backup\Cubic Engine\CubicEngine\Release\CubicEngine.lib" /MACHINE:X86 /SAFESEH Release\AnimatedObject.obj
         Release\AnimationContainer.obj
         Release\BitmapFont.obj
         Release\BitmapFontContainer.obj
         Release\Camera.obj
         Release\Color.obj
         Release\Dimensions.obj
         Release\DynamicMesh.obj
         Release\Environment.obj
         Release\Face.obj
         Release\GameClasses.obj
         Release\GLTextureContainer.obj
         Release\HudObjects.obj
         Release\main.obj
         Release\Material.obj
         Release\Model.obj
         Release\ModelContainer.obj
         Release\ObjectController.obj
         Release\OctTree.obj
         Release\Point.obj
         Release\MaterialContainer.obj
         Release\DisplayScreen.obj
         Release\Animation.obj
         Release\StaticObject.obj
         Release\StaticObject2D.obj
         Release\TerrainGenerator.obj
         Release\Texture.obj
         Release\Utilities.obj
         Release\Vector.obj
         Release\Vertex.obj
         Generating code
         Finished generating code
         CubicEngine.vcxproj -> D:\Documents\Drop Box Backup\Cubic Engine\CubicEngine\Release\CubicEngine.exe
     1>Done Building Project "D:\Documents\Drop Box Backup\Cubic Engine\CubicEngine\CubicEngine\CubicEngine.vcxproj" (Build target(s)).

Build succeeded.

Time Elapsed 00:00:03.15
